{
  "stats": {
    "suites": 1,
    "tests": 2,
    "passes": 2,
    "pending": 0,
    "failures": 0,
    "start": "2023-10-16T13:49:43.076Z",
    "end": "2023-10-16T13:49:43.223Z",
    "duration": 147,
    "testsRegistered": 2,
    "passPercent": 100,
    "pendingPercent": 0,
    "other": 0,
    "hasOther": false,
    "skipped": 0,
    "hasSkipped": false
  },
  "results": [
    {
      "uuid": "553eb486-be71-4b34-8ba5-60b5aa1faa3b",
      "title": "",
      "fullFile": "cypress/integration/Test-1/Test.Imp.spec.js",
      "file": "cypress/integration/Test-1/Test.Imp.spec.js",
      "beforeHooks": [],
      "afterHooks": [],
      "tests": [],
      "suites": [
        {
          "uuid": "61b38a83-d59e-4596-ae5b-7b750ebfbc27",
          "title": "Test Cases add",
          "fullFile": "",
          "file": "",
          "beforeHooks": [],
          "afterHooks": [],
          "tests": [
            {
              "title": "SCenario 1",
              "fullTitle": "Test Cases add SCenario 1",
              "timedOut": null,
              "duration": 62,
              "state": "passed",
              "speed": "fast",
              "pass": true,
              "fail": false,
              "pending": false,
              "context": null,
              "code": "",
              "err": {},
              "uuid": "f13b4b4a-496d-4338-948a-22e8d717c1fd",
              "parentUUID": "61b38a83-d59e-4596-ae5b-7b750ebfbc27",
              "isHook": false,
              "skipped": false
            },
            {
              "title": "Scenario 2",
              "fullTitle": "Test Cases add Scenario 2",
              "timedOut": null,
              "duration": 50,
              "state": "passed",
              "speed": "fast",
              "pass": true,
              "fail": false,
              "pending": false,
              "context": null,
              "code": "",
              "err": {},
              "uuid": "2e768105-95a3-475b-9d2d-777849c5c290",
              "parentUUID": "61b38a83-d59e-4596-ae5b-7b750ebfbc27",
              "isHook": false,
              "skipped": false
            }
          ],
          "suites": [],
          "passes": [
            "f13b4b4a-496d-4338-948a-22e8d717c1fd",
            "2e768105-95a3-475b-9d2d-777849c5c290"
          ],
          "failures": [],
          "pending": [],
          "skipped": [],
          "duration": 112,
          "root": false,
          "rootEmpty": false,
          "_timeout": 2000
        }
      ],
      "passes": [],
      "failures": [],
      "pending": [],
      "skipped": [],
      "duration": 0,
      "root": true,
      "rootEmpty": true,
      "_timeout": 2000
    }
  ],
  "meta": {
    "mocha": {
      "version": "7.0.1"
    },
    "mochawesome": {
      "options": {
        "quiet": false,
        "reportFilename": "mochawesome",
        "saveHtml": false,
        "saveJson": true,
        "consoleReporter": "spec",
        "useInlineDiffs": false,
        "code": true
      },
      "version": "7.1.3"
    },
    "marge": {
      "options": {
        "overwrite": false,
        "html": false,
        "json": true,
        "reportDir": "cypress\\reports\\html\\.jsons"
      },
      "version": "6.2.0"
    }
  }
}