{
  "stats": {
    "suites": 1,
    "tests": 2,
    "passes": 2,
    "pending": 0,
    "failures": 0,
    "start": "2023-10-16T13:49:34.441Z",
    "end": "2023-10-16T13:49:34.499Z",
    "duration": 58,
    "testsRegistered": 2,
    "passPercent": 100,
    "pendingPercent": 0,
    "other": 0,
    "hasOther": false,
    "skipped": 0,
    "hasSkipped": false
  },
  "results": [
    {
      "uuid": "e3b8c2ac-c3a4-4f60-b0e8-8f937ddb0aa3",
      "title": "",
      "fullFile": "cypress/integration/Asim/Test8.Imp.spec.js",
      "file": "cypress/integration/Asim/Test8.Imp.spec.js",
      "beforeHooks": [],
      "afterHooks": [],
      "tests": [],
      "suites": [
        {
          "uuid": "55d3d887-8110-4fb0-9b61-49a4306bef4a",
          "title": "Test Cases add",
          "fullFile": "",
          "file": "",
          "beforeHooks": [],
          "afterHooks": [],
          "tests": [
            {
              "title": "SCenario 1",
              "fullTitle": "Test Cases add SCenario 1",
              "timedOut": null,
              "duration": 30,
              "state": "passed",
              "speed": "fast",
              "pass": true,
              "fail": false,
              "pending": false,
              "context": null,
              "code": "",
              "err": {},
              "uuid": "f79e8669-7490-4557-b79a-5aaa3c0df505",
              "parentUUID": "55d3d887-8110-4fb0-9b61-49a4306bef4a",
              "isHook": false,
              "skipped": false
            },
            {
              "title": "Scenario 2",
              "fullTitle": "Test Cases add Scenario 2",
              "timedOut": null,
              "duration": 16,
              "state": "passed",
              "speed": "fast",
              "pass": true,
              "fail": false,
              "pending": false,
              "context": null,
              "code": "",
              "err": {},
              "uuid": "77fb3c6c-ab42-4438-8c20-06121e5c024a",
              "parentUUID": "55d3d887-8110-4fb0-9b61-49a4306bef4a",
              "isHook": false,
              "skipped": false
            }
          ],
          "suites": [],
          "passes": [
            "f79e8669-7490-4557-b79a-5aaa3c0df505",
            "77fb3c6c-ab42-4438-8c20-06121e5c024a"
          ],
          "failures": [],
          "pending": [],
          "skipped": [],
          "duration": 46,
          "root": false,
          "rootEmpty": false,
          "_timeout": 2000
        }
      ],
      "passes": [],
      "failures": [],
      "pending": [],
      "skipped": [],
      "duration": 0,
      "root": true,
      "rootEmpty": true,
      "_timeout": 2000
    }
  ],
  "meta": {
    "mocha": {
      "version": "7.0.1"
    },
    "mochawesome": {
      "options": {
        "quiet": false,
        "reportFilename": "mochawesome",
        "saveHtml": false,
        "saveJson": true,
        "consoleReporter": "spec",
        "useInlineDiffs": false,
        "code": true
      },
      "version": "7.1.3"
    },
    "marge": {
      "options": {
        "overwrite": false,
        "html": false,
        "json": true,
        "reportDir": "cypress\\reports\\html\\.jsons"
      },
      "version": "6.2.0"
    }
  }
}