{
  "stats": {
    "suites": 1,
    "tests": 2,
    "passes": 2,
    "pending": 0,
    "failures": 0,
    "start": "2023-10-16T13:47:15.479Z",
    "end": "2023-10-16T13:47:15.677Z",
    "duration": 198,
    "testsRegistered": 2,
    "passPercent": 100,
    "pendingPercent": 0,
    "other": 0,
    "hasOther": false,
    "skipped": 0,
    "hasSkipped": false
  },
  "results": [
    {
      "uuid": "9748997e-def9-4724-ba23-dc5ae15220e4",
      "title": "",
      "fullFile": "cypress/integration/Test-1/Test.Imp.spec.js",
      "file": "cypress/integration/Test-1/Test.Imp.spec.js",
      "beforeHooks": [],
      "afterHooks": [],
      "tests": [],
      "suites": [
        {
          "uuid": "2075a1eb-b049-4af0-8df8-92ace907ef74",
          "title": "Test Cases add",
          "fullFile": "",
          "file": "",
          "beforeHooks": [],
          "afterHooks": [],
          "tests": [
            {
              "title": "SCenario 1",
              "fullTitle": "Test Cases add SCenario 1",
              "timedOut": null,
              "duration": 110,
              "state": "passed",
              "speed": "fast",
              "pass": true,
              "fail": false,
              "pending": false,
              "context": null,
              "code": "",
              "err": {},
              "uuid": "f4cde051-5e9e-4c19-bf22-038ab3daa92f",
              "parentUUID": "2075a1eb-b049-4af0-8df8-92ace907ef74",
              "isHook": false,
              "skipped": false
            },
            {
              "title": "Scenario 2",
              "fullTitle": "Test Cases add Scenario 2",
              "timedOut": null,
              "duration": 35,
              "state": "passed",
              "speed": "fast",
              "pass": true,
              "fail": false,
              "pending": false,
              "context": null,
              "code": "",
              "err": {},
              "uuid": "5e0a8cb6-d51b-4304-8f89-fd3bcc5a3de1",
              "parentUUID": "2075a1eb-b049-4af0-8df8-92ace907ef74",
              "isHook": false,
              "skipped": false
            }
          ],
          "suites": [],
          "passes": [
            "f4cde051-5e9e-4c19-bf22-038ab3daa92f",
            "5e0a8cb6-d51b-4304-8f89-fd3bcc5a3de1"
          ],
          "failures": [],
          "pending": [],
          "skipped": [],
          "duration": 145,
          "root": false,
          "rootEmpty": false,
          "_timeout": 2000
        }
      ],
      "passes": [],
      "failures": [],
      "pending": [],
      "skipped": [],
      "duration": 0,
      "root": true,
      "rootEmpty": true,
      "_timeout": 2000
    }
  ],
  "meta": {
    "mocha": {
      "version": "7.0.1"
    },
    "mochawesome": {
      "options": {
        "quiet": false,
        "reportFilename": "mochawesome",
        "saveHtml": false,
        "saveJson": true,
        "consoleReporter": "spec",
        "useInlineDiffs": false,
        "code": true
      },
      "version": "7.1.3"
    },
    "marge": {
      "options": {
        "overwrite": false,
        "html": false,
        "json": true,
        "reportDir": "cypress\\reports\\html\\.jsons"
      },
      "version": "6.2.0"
    }
  }
}