{
  "stats": {
    "suites": 1,
    "tests": 2,
    "passes": 2,
    "pending": 0,
    "failures": 0,
    "start": "2023-10-16T13:45:36.587Z",
    "end": "2023-10-16T13:45:36.728Z",
    "duration": 141,
    "testsRegistered": 2,
    "passPercent": 100,
    "pendingPercent": 0,
    "other": 0,
    "hasOther": false,
    "skipped": 0,
    "hasSkipped": false
  },
  "results": [
    {
      "uuid": "fb012694-09ef-4cd9-a0a8-56b0b0ae4af4",
      "title": "",
      "fullFile": "cypress/integration/Test-1/Test.Imp.spec.js",
      "file": "cypress/integration/Test-1/Test.Imp.spec.js",
      "beforeHooks": [],
      "afterHooks": [],
      "tests": [],
      "suites": [
        {
          "uuid": "0d8f9638-f30e-45df-8561-e41b290fb1d3",
          "title": "Test Cases add",
          "fullFile": "",
          "file": "",
          "beforeHooks": [],
          "afterHooks": [],
          "tests": [
            {
              "title": "SCenario 1",
              "fullTitle": "Test Cases add SCenario 1",
              "timedOut": null,
              "duration": 61,
              "state": "passed",
              "speed": "fast",
              "pass": true,
              "fail": false,
              "pending": false,
              "context": null,
              "code": "",
              "err": {},
              "uuid": "cd521723-5c36-43ac-8e86-8e6ab867603b",
              "parentUUID": "0d8f9638-f30e-45df-8561-e41b290fb1d3",
              "isHook": false,
              "skipped": false
            },
            {
              "title": "Scenario 2",
              "fullTitle": "Test Cases add Scenario 2",
              "timedOut": null,
              "duration": 30,
              "state": "passed",
              "speed": "fast",
              "pass": true,
              "fail": false,
              "pending": false,
              "context": null,
              "code": "",
              "err": {},
              "uuid": "b41d8616-53e2-4143-803d-ae9f9ea7c654",
              "parentUUID": "0d8f9638-f30e-45df-8561-e41b290fb1d3",
              "isHook": false,
              "skipped": false
            }
          ],
          "suites": [],
          "passes": [
            "cd521723-5c36-43ac-8e86-8e6ab867603b",
            "b41d8616-53e2-4143-803d-ae9f9ea7c654"
          ],
          "failures": [],
          "pending": [],
          "skipped": [],
          "duration": 91,
          "root": false,
          "rootEmpty": false,
          "_timeout": 2000
        }
      ],
      "passes": [],
      "failures": [],
      "pending": [],
      "skipped": [],
      "duration": 0,
      "root": true,
      "rootEmpty": true,
      "_timeout": 2000
    }
  ],
  "meta": {
    "mocha": {
      "version": "7.0.1"
    },
    "mochawesome": {
      "options": {
        "quiet": false,
        "reportFilename": "mochawesome",
        "saveHtml": false,
        "saveJson": true,
        "consoleReporter": "spec",
        "useInlineDiffs": false,
        "code": true
      },
      "version": "7.1.3"
    },
    "marge": {
      "options": {
        "overwrite": false,
        "html": false,
        "json": true,
        "reportDir": "cypress\\reports\\html\\.jsons"
      },
      "version": "6.2.0"
    }
  }
}